   7       0 loop0 0 0 0 0 0 0 0 0 0 0 0
   7       1 loop1 0 0 0 0 0 0 0 0 0 0 0
   7       2 loop2 0 0 0 0 0 0 0 0 0 0 0
   7       3 loop3 0 0 0 0 0 0 0 0 0 0 0
   7       4 loop4 0 0 0 0 0 0 0 0 0 0 0
   7       5 loop5 0 0 0 0 0 0 0 0 0 0 0
   7       6 loop6 0 0 0 0 0 0 0 0 0 0 0
   7       7 loop7 0 0 0 0 0 0 0 0 0 0 0
 253       0 zram0 0 0 0 0 0 0 0 0 0 0 0
 179       0 mmcblk0 225 3763 9707 570 14 0 14 30 0 460 600
 179       1 mmcblk0p1 224 3763 9699 570 14 0 14 30 0 460 600
  93       0 nanda 34 0 41 20 0 0 0 0 0 10 10
  93       8 nandb 1 0 8 0 0 0 0 0 0 0 0
  93      16 nandc 1 0 8 0 0 0 0 0 0 0 0
  93      24 nandd 3455 736 321026 22720 0 0 0 0 0 9720 22660
  93      32 nande 1 0 8 0 0 0 0 0 0 0 0
  93      40 nandf 1 0 8 0 0 0 0 0 0 0 0
  93      48 nandg 59 54 892 40 10 2 96 10 0 40 50
  93      56 nandh 1 0 8 0 0 0 0 0 0 0 0
  93      64 nandi 1 0 8 0 0 0 0 0 0 0 0
  93      72 nandj 3492 1942 305164 23840 1100 2032 25072 24210 0 12810 48000
